0 info it worked if it ends with ok
1 verbose cli [ 'C:\\Program Files\\nodejs\\node.exe',
1 verbose cli   'C:\\Program Files\\nodejs\\node_modules\\npm\\bin\\npm-cli.js',
1 verbose cli   'run',
1 verbose cli   'bs' ]
2 info using npm@3.10.10
3 info using node@v6.11.3
4 verbose run-script [ 'prebs', 'bs', 'postbs' ]
5 info lifecycle Redux_Webpack@0.0.0~prebs: Redux_Webpack@0.0.0
6 silly lifecycle Redux_Webpack@0.0.0~prebs: no script for prebs, continuing
7 info lifecycle Redux_Webpack@0.0.0~bs: Redux_Webpack@0.0.0
8 verbose lifecycle Redux_Webpack@0.0.0~bs: unsafe-perm in lifecycle true
9 verbose lifecycle Redux_Webpack@0.0.0~bs: PATH: C:\Program Files\nodejs\node_modules\npm\bin\node-gyp-bin;C:\dev\heepdev\FrontEnd\Local\node_modules\.bin;C:\Users\JacobKeith\bin;C:\Program Files\Git\mingw64\bin;C:\Program Files\Git\usr\local\bin;C:\Program Files\Git\usr\bin;C:\Program Files\Git\usr\bin;C:\Program Files\Git\mingw64\bin;C:\Program Files\Git\usr\bin;C:\Users\JacobKeith\bin;C:\ProgramData\Oracle\Java\javapath;C:\WINDOWS\system32;C:\WINDOWS;C:\WINDOWS\System32\Wbem;C:\WINDOWS\System32\WindowsPowerShell\v1.0;C:\mingw;C:\Program Files (x86)\Nmap;C:\Python27;C:\Python27\Scripts;C:\Program Files\Sublime Text 3;C:\Program Files (x86)\GtkSharp\2.12\bin;C:\Program Files\Git LFS;C:\Program Files (x86)\Heroku\bin;C:\Program Files (x86)\git\cmd;C:\Dev\Chocolatey\bin;C:\Program Files\MATLAB\R2016b\bin;C:\Program Files\Common Files\Autodesk Shared;C:\Users\JacobKeith\AppData\Local\Android\sdk\platform-tools;C:\Program Files (x86)\Microchip\xc8\v1.42\bin;C:\Program Files\Git\cmd;C:\Program Files\Git\mingw64\bin;C:\Program Files\Git\usr\bin;C:\Program Files\TortoiseGit\bin;C:\Program Files\nodejs;C:\Program Files (x86)\Google\Cloud SDK\google-cloud-sdk\bin;C:\Program Files (x86)\Yarn\bin;C:\Ruby22-x64\bin;C:\Users\JacobKeith\AppData\Local\Microsoft\WindowsApps;C:\Users\JacobKeith\AppData\Local\atom\bin;C:\Users\JacobKeith\AppData\Roaming\npm;C:\Program Files (x86)\Google\Cloud SDK;C:\Users\JacobKeith\AppData\Local\Yarn\bin;%USERPROFILE%\AppData\Local\Microsoft\WindowsApps;C:\Program Files\Git\usr\bin\vendor_perl;C:\Program Files\Git\usr\bin\core_perl
10 verbose lifecycle Redux_Webpack@0.0.0~bs: CWD: C:\dev\heepdev\FrontEnd\Local
11 silly lifecycle Redux_Webpack@0.0.0~bs: Args: [ '/d /s /c', 'webpack && npm run start' ]
12 silly lifecycle Redux_Webpack@0.0.0~bs: Returned: code: 1  signal: null
13 info lifecycle Redux_Webpack@0.0.0~bs: Failed to exec bs script
14 verbose stack Error: Redux_Webpack@0.0.0 bs: `webpack && npm run start`
14 verbose stack Exit status 1
14 verbose stack     at EventEmitter.<anonymous> (C:\Program Files\nodejs\node_modules\npm\lib\utils\lifecycle.js:255:16)
14 verbose stack     at emitTwo (events.js:106:13)
14 verbose stack     at EventEmitter.emit (events.js:191:7)
14 verbose stack     at ChildProcess.<anonymous> (C:\Program Files\nodejs\node_modules\npm\lib\utils\spawn.js:40:14)
14 verbose stack     at emitTwo (events.js:106:13)
14 verbose stack     at ChildProcess.emit (events.js:191:7)
14 verbose stack     at maybeClose (internal/child_process.js:920:16)
14 verbose stack     at Process.ChildProcess._handle.onexit (internal/child_process.js:230:5)
15 verbose pkgid Redux_Webpack@0.0.0
16 verbose cwd C:\dev\heepdev\FrontEnd\Local
17 error Windows_NT 10.0.16299
18 error argv "C:\\Program Files\\nodejs\\node.exe" "C:\\Program Files\\nodejs\\node_modules\\npm\\bin\\npm-cli.js" "run" "bs"
19 error node v6.11.3
20 error npm  v3.10.10
21 error code ELIFECYCLE
22 error Redux_Webpack@0.0.0 bs: `webpack && npm run start`
22 error Exit status 1
23 error Failed at the Redux_Webpack@0.0.0 bs script 'webpack && npm run start'.
23 error Make sure you have the latest version of node.js and npm installed.
23 error If you do, this is most likely a problem with the Redux_Webpack package,
23 error not with npm itself.
23 error Tell the author that this fails on your system:
23 error     webpack && npm run start
23 error You can get information on how to open an issue for this project with:
23 error     npm bugs Redux_Webpack
23 error Or if that isn't available, you can get their info via:
23 error     npm owner ls Redux_Webpack
23 error There is likely additional logging output above.
24 verbose exit [ 1, true ]
